<?xml version="1.0" encoding="UTF-8"?>
<!-- Generated by org.testng.reporters.JUnitReportReporter -->
<testsuite hostname="IN-PG02NJPK" failures="0" tests="1" name="runner.ReversingRunner" time="0.004" errors="0" timestamp="21 Mar 2022 04:24:51 GMT" skipped="0">
  <testcase classname="runner.ReversingRunner" name="feature" time="0.004"/>
</testsuite> <!-- runner.ReversingRunner -->
