<?xml version="1.0" encoding="UTF-8"?>
<!-- Generated by org.testng.reporters.JUnitReportReporter -->
<testsuite hostname="IN-PG02NJPK" failures="0" tests="1" name="runner.HideShowRunner" time="0.037" errors="0" timestamp="21 Mar 2022 04:24:51 GMT" skipped="0">
  <testcase classname="runner.HideShowRunner" name="feature" time="0.037"/>
</testsuite> <!-- runner.HideShowRunner -->
