<?xml version="1.0" encoding="UTF-8"?>
<!-- Generated by org.testng.reporters.JUnitReportReporter -->
<testsuite hostname="IN-PG02NJPK" failures="0" tests="5" name="runner.AddButtonRunner" time="88.565" errors="0" timestamp="22 Mar 2022 16:44:34 GMT" skipped="0">
  <testcase classname="runner.AddButtonRunner" name="feature" time="18.498"/>
  <testcase classname="runner.AddButtonRunner" name="feature" time="17.222"/>
  <testcase classname="runner.AddButtonRunner" name="feature" time="16.394"/>
  <testcase classname="runner.AddButtonRunner" name="feature" time="17.683"/>
  <testcase classname="runner.AddButtonRunner" name="feature" time="18.768"/>
</testsuite> <!-- runner.AddButtonRunner -->
